<?xml version="1.0" encoding="UTF-8"?>
<!-- Generated by org.testng.reporters.JUnitXMLReporter -->
<testsuite ignored="0" hostname="CHOWDARY" failures="0" tests="3" name="Default test" time="10.427" errors="0" timestamp="2023-08-16T12:49:39 IST">
  <testcase classname="Execution.loginExecution" name="username" time="0.359"/>
  <testcase classname="Execution.loginExecution" name="password" time="0.304"/>
  <testcase classname="Execution.loginExecution" name="login" time="0.673"/>
</testsuite> <!-- Default test -->
