<?xml version="1.0" encoding="UTF-8"?>
<testng-results ignored="0" total="3" passed="3" failed="0" skipped="0">
  <reporter-output>
  </reporter-output>
  <suite started-at="2023-08-16T12:49:28 IST" name="Default suite" finished-at="2023-08-16T12:49:39 IST" duration-ms="10427">
    <groups>
    </groups>
    <test started-at="2023-08-16T12:49:28 IST" name="Default test" finished-at="2023-08-16T12:49:39 IST" duration-ms="10427">
      <class name="Execution.loginExecution">
        <test-method is-config="true" signature="Login()[pri:0, instance:Execution.loginExecution@6f03482]" started-at="2023-08-16T12:49:28 IST" name="Login" finished-at="2023-08-16T12:49:37 IST" duration-ms="9003" status="PASS">
          <reporter-output>
          </reporter-output>
        </test-method> <!-- Login -->
        <test-method signature="username()[pri:1, instance:Execution.loginExecution@6f03482]" started-at="2023-08-16T12:49:37 IST" name="username" finished-at="2023-08-16T12:49:38 IST" duration-ms="359" status="PASS">
          <reporter-output>
          </reporter-output>
        </test-method> <!-- username -->
        <test-method signature="password()[pri:2, instance:Execution.loginExecution@6f03482]" started-at="2023-08-16T12:49:38 IST" name="password" finished-at="2023-08-16T12:49:38 IST" duration-ms="304" status="PASS">
          <reporter-output>
          </reporter-output>
        </test-method> <!-- password -->
        <test-method signature="login()[pri:3, instance:Execution.loginExecution@6f03482]" started-at="2023-08-16T12:49:38 IST" name="login" finished-at="2023-08-16T12:49:39 IST" duration-ms="673" status="PASS">
          <reporter-output>
          </reporter-output>
        </test-method> <!-- login -->
      </class> <!-- Execution.loginExecution -->
    </test> <!-- Default test -->
  </suite> <!-- Default suite -->
</testng-results>
